Jan 13, 2018 12:29:37 PM spec.jbb.JBBmain main -> INFO: Logging started
Jan 13, 2018 12:29:37 PM spec.jbb.Company primeWithDummyData -> INFO: Loading Warehouse 1...
Jan 13, 2018 12:29:38 PM spec.jbb.JBBmain DoARun -> INFO: Start User Threads
Jan 13, 2018 12:29:38 PM spec.jbb.JBBmain DoARun -> INFO:   started user thread for Warehouse 1
Jan 13, 2018 12:29:38 PM spec.jbb.Company displayResultTotals -> INFO: Timing Measurement began Sat Jan 13 12:29:38 CET 2018 for 0.5 minutes
Jan 13, 2018 12:30:08 PM spec.jbb.Company displayResultTotals -> INFO: Timing Measurement ended Sat Jan 13 12:30:08 CET 2018
Jan 13, 2018 12:30:08 PM spec.jbb.Company primeWithDummyData -> INFO: Loading Warehouse 2...
Jan 13, 2018 12:30:08 PM spec.jbb.JBBmain DoARun -> INFO: Start User Threads
Jan 13, 2018 12:30:08 PM spec.jbb.JBBmain DoARun -> INFO:   started user thread for Warehouse 1
Jan 13, 2018 12:30:08 PM spec.jbb.JBBmain DoARun -> INFO:   started user thread for Warehouse 2
Jan 13, 2018 12:30:08 PM spec.jbb.Company displayResultTotals -> INFO: Timing Measurement began Sat Jan 13 12:30:08 CET 2018 for 0.5 minutes
Jan 13, 2018 12:30:38 PM spec.jbb.Company displayResultTotals -> INFO: Timing Measurement ended Sat Jan 13 12:30:38 CET 2018
Jan 13, 2018 12:30:38 PM spec.jbb.Company primeWithDummyData -> INFO: Loading Warehouse 3...
Jan 13, 2018 12:30:38 PM spec.jbb.JBBmain DoARun -> INFO: Start User Threads
Jan 13, 2018 12:30:38 PM spec.jbb.JBBmain DoARun -> INFO:   started user thread for Warehouse 1
Jan 13, 2018 12:30:38 PM spec.jbb.JBBmain DoARun -> INFO:   started user thread for Warehouse 2
Jan 13, 2018 12:30:38 PM spec.jbb.JBBmain DoARun -> INFO:   started user thread for Warehouse 3
Jan 13, 2018 12:30:38 PM spec.jbb.Company displayResultTotals -> INFO: Timing Measurement began Sat Jan 13 12:30:38 CET 2018 for 0.5 minutes
Jan 13, 2018 12:31:08 PM spec.jbb.Company displayResultTotals -> INFO: Timing Measurement ended Sat Jan 13 12:31:08 CET 2018
Jan 13, 2018 12:31:08 PM spec.jbb.Company primeWithDummyData -> INFO: Loading Warehouse 4...
Jan 13, 2018 12:31:08 PM spec.jbb.JBBmain DoARun -> INFO: Start User Threads
Jan 13, 2018 12:31:08 PM spec.jbb.JBBmain DoARun -> INFO:   started user thread for Warehouse 1
Jan 13, 2018 12:31:08 PM spec.jbb.JBBmain DoARun -> INFO:   started user thread for Warehouse 2
Jan 13, 2018 12:31:08 PM spec.jbb.JBBmain DoARun -> INFO:   started user thread for Warehouse 3
Jan 13, 2018 12:31:08 PM spec.jbb.JBBmain DoARun -> INFO:   started user thread for Warehouse 4
Jan 13, 2018 12:31:08 PM spec.jbb.Company displayResultTotals -> INFO: Timing Measurement began Sat Jan 13 12:31:08 CET 2018 for 4 minutes
Jan 13, 2018 12:35:08 PM spec.jbb.Company displayResultTotals -> INFO: Timing Measurement ended Sat Jan 13 12:35:08 CET 2018
Jan 13, 2018 12:35:09 PM spec.jbb.Company primeWithDummyData -> INFO: Loading Warehouse 5...
Jan 13, 2018 12:35:09 PM spec.jbb.JBBmain DoARun -> INFO: Start User Threads
Jan 13, 2018 12:35:09 PM spec.jbb.JBBmain DoARun -> INFO:   started user thread for Warehouse 1
Jan 13, 2018 12:35:09 PM spec.jbb.JBBmain DoARun -> INFO:   started user thread for Warehouse 2
Jan 13, 2018 12:35:09 PM spec.jbb.JBBmain DoARun -> INFO:   started user thread for Warehouse 3
Jan 13, 2018 12:35:09 PM spec.jbb.JBBmain DoARun -> INFO:   started user thread for Warehouse 4
Jan 13, 2018 12:35:09 PM spec.jbb.JBBmain DoARun -> INFO:   started user thread for Warehouse 5
Jan 13, 2018 12:35:09 PM spec.jbb.Company displayResultTotals -> INFO: Timing Measurement began Sat Jan 13 12:35:09 CET 2018 for 4 minutes
